2022-02-09 09:22:57,679 [Worker-7: Loading available Gradle versions] INFO  o.e.b.c.i.u.g.PublishedGradleVersions - Gradle version information cache is up-to-date. Trying to read.
2022-02-09 09:26:50,433 [Worker-7: Loading available Gradle versions] INFO  o.e.b.c.i.u.g.PublishedGradleVersions - Gradle version information cache is up-to-date. Trying to read.
2022-02-10 08:53:29,934 [Worker-5: Loading available Gradle versions] INFO  o.e.b.c.i.u.g.PublishedGradleVersions - Gradle version information cache is out-of-date. Trying to update.
2022-02-10 09:30:30,417 [Worker-47: Enabling Maven Dependency Management] INFO  o.e.m.c.i.l.LifecycleMappingFactory - Using org.maven.ide.eclipse.wtp.WarLifecycleMapping lifecycle mapping for MavenProject: br.com.rd.admPanel:admPanel:0.0.1-SNAPSHOT @ C:\Users\willi\rd\universidade\7turma\projeto\projeto-rd\adm_panel\admPanel\pom.xml.
2022-02-10 09:30:32,051 [Worker-49: Building] WARN  o.e.m.c.i.embedder.EclipseLogger - Using platform encoding (Cp1252 actually) to copy filtered resources, i.e. build is platform dependent!
2022-02-10 09:30:32,053 [Worker-49: Building] INFO  o.e.m.c.i.embedder.EclipseLogger - skip non existing resourceDirectory C:\Users\willi\rd\universidade\7turma\projeto\projeto-rd\adm_panel\admPanel\src\main\resources
2022-02-10 09:30:32,056 [Worker-49: Building] WARN  o.e.m.c.i.embedder.EclipseLogger - Using platform encoding (Cp1252 actually) to copy filtered resources, i.e. build is platform dependent!
2022-02-10 09:30:32,057 [Worker-49: Building] INFO  o.e.m.c.i.embedder.EclipseLogger - skip non existing resourceDirectory C:\Users\willi\rd\universidade\7turma\projeto\projeto-rd\adm_panel\admPanel\src\test\resources
2022-02-10 09:30:32,133 [Worker-47: Enabling Maven Dependency Management] INFO  o.e.m.j.i.AbstractJavaProjectConfigurator - Adding source folder /admPanel/src/main/java
2022-02-10 09:30:32,135 [Worker-47: Enabling Maven Dependency Management] INFO  o.e.m.j.i.AbstractJavaProjectConfigurator - Adding source folder /admPanel/src/test/java
2022-02-10 09:30:32,560 [Worker-47: Enabling Maven Dependency Management] INFO  o.e.m.c.i.p.ProjectConfigurationManager - Update started
2022-02-10 09:30:32,915 [Worker-47: Enabling Maven Dependency Management] INFO  o.e.m.c.i.l.LifecycleMappingFactory - Using org.maven.ide.eclipse.wtp.WarLifecycleMapping lifecycle mapping for MavenProject: br.com.rd.admPanel:admPanel:0.0.1-SNAPSHOT @ C:\Users\willi\rd\universidade\7turma\projeto\projeto-rd\adm_panel\admPanel\pom.xml.
2022-02-10 09:30:33,600 [Worker-47: Enabling Maven Dependency Management] INFO  o.e.m.j.i.AbstractJavaProjectConfigurator - Adding source folder /admPanel/src/main/java
2022-02-10 09:30:33,601 [Worker-47: Enabling Maven Dependency Management] INFO  o.e.m.j.i.AbstractJavaProjectConfigurator - Adding source folder /admPanel/src/test/java
2022-02-10 09:30:33,689 [Worker-47: Enabling Maven Dependency Management] INFO  o.e.m.w.i.f.ResourceFilteringBuildParticipant - Cleaning filtered folder for admPanel
2022-02-10 09:30:33,707 [Worker-47: Enabling Maven Dependency Management] INFO  o.e.m.c.i.p.ProjectConfigurationManager - Update completed: 1 sec
2022-02-10 09:30:33,883 [Worker-47: Building] WARN  o.e.m.c.i.embedder.EclipseLogger - Using platform encoding (Cp1252 actually) to copy filtered resources, i.e. build is platform dependent!
2022-02-10 09:30:33,885 [Worker-47: Building] INFO  o.e.m.c.i.embedder.EclipseLogger - skip non existing resourceDirectory C:\Users\willi\rd\universidade\7turma\projeto\projeto-rd\adm_panel\admPanel\src\main\resources
2022-02-10 09:30:33,888 [Worker-47: Building] WARN  o.e.m.c.i.embedder.EclipseLogger - Using platform encoding (Cp1252 actually) to copy filtered resources, i.e. build is platform dependent!
2022-02-10 09:30:33,889 [Worker-47: Building] INFO  o.e.m.c.i.embedder.EclipseLogger - skip non existing resourceDirectory C:\Users\willi\rd\universidade\7turma\projeto\projeto-rd\adm_panel\admPanel\src\test\resources
2022-02-10 09:30:33,889 [Worker-47: Building] INFO  o.e.m.w.i.f.ResourceFilteringBuildParticipant - Changed resources require a complete clean of filtered resources of admPanel
2022-02-10 09:30:33,890 [Worker-47: Building] INFO  o.e.m.w.i.f.ResourceFilteringBuildParticipant - Executing resource filtering for admPanel
2022-02-10 09:30:33,914 [Worker-47: Building] WARN  o.e.m.c.i.embedder.EclipseLogger - Using platform encoding (Cp1252 actually) to copy filtered resources, i.e. build is platform dependent!
2022-02-10 09:32:28,102 [Worker-45: Building] INFO  o.e.m.c.i.l.LifecycleMappingFactory - Using org.maven.ide.eclipse.wtp.WarLifecycleMapping lifecycle mapping for MavenProject: br.com.rd.admPanel:admPanel:0.0.1-SNAPSHOT @ C:\Users\willi\rd\universidade\7turma\projeto\projeto-rd\adm_panel\admPanel\pom.xml.
2022-02-10 09:32:28,577 [Worker-45: Building] WARN  o.e.m.c.i.embedder.EclipseLogger - Using platform encoding (Cp1252 actually) to copy filtered resources, i.e. build is platform dependent!
2022-02-10 09:32:28,578 [Worker-45: Building] INFO  o.e.m.c.i.embedder.EclipseLogger - skip non existing resourceDirectory C:\Users\willi\rd\universidade\7turma\projeto\projeto-rd\adm_panel\admPanel\src\main\resources
2022-02-10 09:32:28,580 [Worker-45: Building] WARN  o.e.m.c.i.embedder.EclipseLogger - Using platform encoding (Cp1252 actually) to copy filtered resources, i.e. build is platform dependent!
2022-02-10 09:32:28,580 [Worker-45: Building] INFO  o.e.m.c.i.embedder.EclipseLogger - skip non existing resourceDirectory C:\Users\willi\rd\universidade\7turma\projeto\projeto-rd\adm_panel\admPanel\src\test\resources
2022-02-10 09:32:28,581 [Worker-45: Building] INFO  o.e.m.w.i.f.ResourceFilteringBuildParticipant - Changed resources require a complete clean of filtered resources of admPanel
2022-02-10 09:32:28,581 [Worker-45: Building] INFO  o.e.m.w.i.f.ResourceFilteringBuildParticipant - Executing resource filtering for admPanel
2022-02-10 09:32:28,585 [Worker-45: Building] WARN  o.e.m.c.i.embedder.EclipseLogger - Using platform encoding (Cp1252 actually) to copy filtered resources, i.e. build is platform dependent!
2022-02-10 09:32:29,670 [Worker-48: Building] WARN  o.e.m.c.i.embedder.EclipseLogger - Using platform encoding (Cp1252 actually) to copy filtered resources, i.e. build is platform dependent!
2022-02-10 09:32:29,671 [Worker-48: Building] INFO  o.e.m.c.i.embedder.EclipseLogger - skip non existing resourceDirectory C:\Users\willi\rd\universidade\7turma\projeto\projeto-rd\adm_panel\admPanel\src\main\resources
2022-02-10 09:32:29,672 [Worker-48: Building] WARN  o.e.m.c.i.embedder.EclipseLogger - Using platform encoding (Cp1252 actually) to copy filtered resources, i.e. build is platform dependent!
2022-02-10 09:32:29,672 [Worker-48: Building] INFO  o.e.m.c.i.embedder.EclipseLogger - skip non existing resourceDirectory C:\Users\willi\rd\universidade\7turma\projeto\projeto-rd\adm_panel\admPanel\src\test\resources
2022-02-10 09:53:29,401 [Worker-53: Building] WARN  o.e.m.c.i.embedder.EclipseLogger - Using platform encoding (Cp1252 actually) to copy filtered resources, i.e. build is platform dependent!
2022-02-10 09:53:29,403 [Worker-53: Building] INFO  o.e.m.c.i.embedder.EclipseLogger - skip non existing resourceDirectory C:\Users\willi\rd\universidade\7turma\projeto\projeto-rd\adm_panel\admPanel\src\main\resources
2022-02-10 09:53:29,404 [Worker-53: Building] WARN  o.e.m.c.i.embedder.EclipseLogger - Using platform encoding (Cp1252 actually) to copy filtered resources, i.e. build is platform dependent!
2022-02-10 09:53:29,405 [Worker-53: Building] INFO  o.e.m.c.i.embedder.EclipseLogger - skip non existing resourceDirectory C:\Users\willi\rd\universidade\7turma\projeto\projeto-rd\adm_panel\admPanel\src\test\resources
2022-02-10 10:21:34,848 [Worker-56: Building] INFO  o.e.m.c.i.l.LifecycleMappingFactory - Using org.maven.ide.eclipse.wtp.WarLifecycleMapping lifecycle mapping for MavenProject: br.com.rd.admPanel:admPanel:0.0.1-SNAPSHOT @ C:\Users\willi\rd\universidade\7turma\projeto\projeto-rd\adm_panel\admPanel\pom.xml.
2022-02-10 10:21:35,390 [Worker-56: Building] WARN  o.e.m.c.i.embedder.EclipseLogger - Using platform encoding (Cp1252 actually) to copy filtered resources, i.e. build is platform dependent!
2022-02-10 10:21:35,391 [Worker-56: Building] INFO  o.e.m.c.i.embedder.EclipseLogger - skip non existing resourceDirectory C:\Users\willi\rd\universidade\7turma\projeto\projeto-rd\adm_panel\admPanel\src\main\resources
2022-02-10 10:21:35,392 [Worker-56: Building] WARN  o.e.m.c.i.embedder.EclipseLogger - Using platform encoding (Cp1252 actually) to copy filtered resources, i.e. build is platform dependent!
2022-02-10 10:21:35,393 [Worker-56: Building] INFO  o.e.m.c.i.embedder.EclipseLogger - skip non existing resourceDirectory C:\Users\willi\rd\universidade\7turma\projeto\projeto-rd\adm_panel\admPanel\src\test\resources
2022-02-10 10:21:35,393 [Worker-56: Building] INFO  o.e.m.w.i.f.ResourceFilteringBuildParticipant - Changed resources require a complete clean of filtered resources of admPanel
2022-02-10 10:21:35,393 [Worker-56: Building] INFO  o.e.m.w.i.f.ResourceFilteringBuildParticipant - Executing resource filtering for admPanel
2022-02-10 10:21:35,395 [Worker-56: Building] WARN  o.e.m.c.i.embedder.EclipseLogger - Using platform encoding (Cp1252 actually) to copy filtered resources, i.e. build is platform dependent!
2022-02-10 10:23:20,026 [Worker-48: Updating Maven Project] INFO  o.e.m.c.i.p.ProjectConfigurationManager - Update started
2022-02-10 10:23:20,216 [Worker-48: Updating Maven Project] INFO  o.e.m.c.i.l.LifecycleMappingFactory - Using org.maven.ide.eclipse.wtp.WarLifecycleMapping lifecycle mapping for MavenProject: br.com.rd.admPanel:admPanel:0.0.1-SNAPSHOT @ C:\Users\willi\rd\universidade\7turma\projeto\projeto-rd\adm_panel\admPanel\pom.xml.
2022-02-10 10:23:20,587 [Worker-48: Updating Maven Project] INFO  o.e.m.j.i.AbstractJavaProjectConfigurator - Adding source folder /admPanel/src/main/java
2022-02-10 10:23:20,588 [Worker-48: Updating Maven Project] INFO  o.e.m.j.i.AbstractJavaProjectConfigurator - Adding source folder /admPanel/src/test/java
2022-02-10 10:23:20,716 [Worker-48: Updating Maven Project] INFO  o.e.m.w.i.f.ResourceFilteringBuildParticipant - Cleaning filtered folder for admPanel
2022-02-10 10:23:20,722 [Worker-48: Updating Maven Project] INFO  o.e.m.c.i.p.ProjectConfigurationManager - Update completed: 0 sec
2022-02-10 10:23:21,098 [Worker-57: Building] WARN  o.e.m.c.i.embedder.EclipseLogger - Using platform encoding (Cp1252 actually) to copy filtered resources, i.e. build is platform dependent!
2022-02-10 10:23:21,099 [Worker-57: Building] INFO  o.e.m.c.i.embedder.EclipseLogger - skip non existing resourceDirectory C:\Users\willi\rd\universidade\7turma\projeto\projeto-rd\adm_panel\admPanel\src\main\resources
2022-02-10 10:23:21,102 [Worker-57: Building] WARN  o.e.m.c.i.embedder.EclipseLogger - Using platform encoding (Cp1252 actually) to copy filtered resources, i.e. build is platform dependent!
2022-02-10 10:23:21,104 [Worker-57: Building] INFO  o.e.m.c.i.embedder.EclipseLogger - skip non existing resourceDirectory C:\Users\willi\rd\universidade\7turma\projeto\projeto-rd\adm_panel\admPanel\src\test\resources
2022-02-10 10:23:21,104 [Worker-57: Building] INFO  o.e.m.w.i.f.ResourceFilteringBuildParticipant - Changed resources require a complete clean of filtered resources of admPanel
2022-02-10 10:23:21,104 [Worker-57: Building] INFO  o.e.m.w.i.f.ResourceFilteringBuildParticipant - Executing resource filtering for admPanel
2022-02-10 10:23:21,108 [Worker-57: Building] WARN  o.e.m.c.i.embedder.EclipseLogger - Using platform encoding (Cp1252 actually) to copy filtered resources, i.e. build is platform dependent!
2022-02-10 10:25:23,184 [Worker-64: Updating Maven Project] INFO  o.e.m.c.i.p.ProjectConfigurationManager - Update started
2022-02-10 10:25:23,426 [Worker-64: Updating Maven Project] INFO  o.e.m.c.i.l.LifecycleMappingFactory - Using org.maven.ide.eclipse.wtp.WarLifecycleMapping lifecycle mapping for MavenProject: br.com.rd.admPanel:admPanel:0.0.1-SNAPSHOT @ C:\Users\willi\rd\universidade\7turma\projeto\projeto-rd\adm_panel\admPanel\pom.xml.
2022-02-10 10:25:23,873 [Worker-64: Updating Maven Project] INFO  o.e.m.j.i.AbstractJavaProjectConfigurator - Adding source folder /admPanel/src/main/java
2022-02-10 10:25:23,873 [Worker-64: Updating Maven Project] INFO  o.e.m.j.i.AbstractJavaProjectConfigurator - Adding source folder /admPanel/src/test/java
2022-02-10 10:25:23,957 [Worker-64: Updating Maven Project] INFO  o.e.m.w.i.f.ResourceFilteringBuildParticipant - Cleaning filtered folder for admPanel
2022-02-10 10:25:23,963 [Worker-64: Updating Maven Project] INFO  o.e.m.c.i.p.ProjectConfigurationManager - Update completed: 0 sec
2022-02-10 10:25:24,348 [Worker-64: Building] WARN  o.e.m.c.i.embedder.EclipseLogger - Using platform encoding (Cp1252 actually) to copy filtered resources, i.e. build is platform dependent!
2022-02-10 10:25:24,349 [Worker-64: Building] INFO  o.e.m.c.i.embedder.EclipseLogger - skip non existing resourceDirectory C:\Users\willi\rd\universidade\7turma\projeto\projeto-rd\adm_panel\admPanel\src\main\resources
2022-02-10 10:25:24,350 [Worker-64: Building] WARN  o.e.m.c.i.embedder.EclipseLogger - Using platform encoding (Cp1252 actually) to copy filtered resources, i.e. build is platform dependent!
2022-02-10 10:25:24,350 [Worker-64: Building] INFO  o.e.m.c.i.embedder.EclipseLogger - skip non existing resourceDirectory C:\Users\willi\rd\universidade\7turma\projeto\projeto-rd\adm_panel\admPanel\src\test\resources
2022-02-10 10:25:24,351 [Worker-64: Building] INFO  o.e.m.w.i.f.ResourceFilteringBuildParticipant - Changed resources require a complete clean of filtered resources of admPanel
2022-02-10 10:25:24,351 [Worker-64: Building] INFO  o.e.m.w.i.f.ResourceFilteringBuildParticipant - Executing resource filtering for admPanel
2022-02-10 10:25:24,353 [Worker-64: Building] WARN  o.e.m.c.i.embedder.EclipseLogger - Using platform encoding (Cp1252 actually) to copy filtered resources, i.e. build is platform dependent!
2022-02-10 10:27:37,520 [Worker-68: Building] INFO  o.e.m.c.i.l.LifecycleMappingFactory - Using org.maven.ide.eclipse.wtp.WarLifecycleMapping lifecycle mapping for MavenProject: br.com.rd.admPanel:admPanel:0.0.1-SNAPSHOT @ C:\Users\willi\rd\universidade\7turma\projeto\projeto-rd\adm_panel\admPanel\pom.xml.
2022-02-10 10:27:38,086 [Worker-68: Building] WARN  o.e.m.c.i.embedder.EclipseLogger - Using platform encoding (Cp1252 actually) to copy filtered resources, i.e. build is platform dependent!
2022-02-10 10:27:38,087 [Worker-68: Building] INFO  o.e.m.c.i.embedder.EclipseLogger - skip non existing resourceDirectory C:\Users\willi\rd\universidade\7turma\projeto\projeto-rd\adm_panel\admPanel\src\main\resources
2022-02-10 10:27:38,088 [Worker-68: Building] WARN  o.e.m.c.i.embedder.EclipseLogger - Using platform encoding (Cp1252 actually) to copy filtered resources, i.e. build is platform dependent!
2022-02-10 10:27:38,089 [Worker-68: Building] INFO  o.e.m.c.i.embedder.EclipseLogger - skip non existing resourceDirectory C:\Users\willi\rd\universidade\7turma\projeto\projeto-rd\adm_panel\admPanel\src\test\resources
2022-02-10 10:27:38,089 [Worker-68: Building] INFO  o.e.m.w.i.f.ResourceFilteringBuildParticipant - Changed resources require a complete clean of filtered resources of admPanel
2022-02-10 10:27:38,089 [Worker-68: Building] INFO  o.e.m.w.i.f.ResourceFilteringBuildParticipant - Executing resource filtering for admPanel
2022-02-10 10:27:38,092 [Worker-68: Building] WARN  o.e.m.c.i.embedder.EclipseLogger - Using platform encoding (Cp1252 actually) to copy filtered resources, i.e. build is platform dependent!
2022-02-10 10:27:39,767 [Worker-72: Download sources and javadoc] INFO  o.e.m.c.i.e.AbstractTransferListenerAdapter - Downloading https://repo.maven.apache.org/maven2/javax/servlet/javax.servlet-api/3.1.0/javax.servlet-api-3.1.0-sources.jar
2022-02-10 10:27:40,168 [Worker-72: Download sources and javadoc] INFO  o.e.m.c.i.e.AbstractTransferListenerAdapter - Downloaded https://repo.maven.apache.org/maven2/javax/servlet/javax.servlet-api/3.1.0/javax.servlet-api-3.1.0-sources.jar
2022-02-10 10:27:40,173 [Worker-72: Download sources and javadoc] INFO  o.e.m.j.internal.DownloadSourcesJob - Downloaded sources for javax.servlet:javax.servlet-api:3.1.0
2022-02-10 10:27:42,339 [Worker-69: Building] WARN  o.e.m.c.i.embedder.EclipseLogger - Using platform encoding (Cp1252 actually) to copy filtered resources, i.e. build is platform dependent!
2022-02-10 10:27:42,340 [Worker-69: Building] INFO  o.e.m.c.i.embedder.EclipseLogger - skip non existing resourceDirectory C:\Users\willi\rd\universidade\7turma\projeto\projeto-rd\adm_panel\admPanel\src\main\resources
2022-02-10 10:27:42,341 [Worker-69: Building] WARN  o.e.m.c.i.embedder.EclipseLogger - Using platform encoding (Cp1252 actually) to copy filtered resources, i.e. build is platform dependent!
2022-02-10 10:27:42,341 [Worker-69: Building] INFO  o.e.m.c.i.embedder.EclipseLogger - skip non existing resourceDirectory C:\Users\willi\rd\universidade\7turma\projeto\projeto-rd\adm_panel\admPanel\src\test\resources
2022-02-10 10:28:20,234 [Worker-71: Building] WARN  o.e.m.c.i.embedder.EclipseLogger - Using platform encoding (Cp1252 actually) to copy filtered resources, i.e. build is platform dependent!
2022-02-10 10:28:20,235 [Worker-71: Building] INFO  o.e.m.c.i.embedder.EclipseLogger - skip non existing resourceDirectory C:\Users\willi\rd\universidade\7turma\projeto\projeto-rd\adm_panel\admPanel\src\main\resources
2022-02-10 10:28:20,236 [Worker-71: Building] WARN  o.e.m.c.i.embedder.EclipseLogger - Using platform encoding (Cp1252 actually) to copy filtered resources, i.e. build is platform dependent!
2022-02-10 10:28:20,236 [Worker-71: Building] INFO  o.e.m.c.i.embedder.EclipseLogger - skip non existing resourceDirectory C:\Users\willi\rd\universidade\7turma\projeto\projeto-rd\adm_panel\admPanel\src\test\resources
2022-02-10 10:37:51,325 [Worker-75: Building] WARN  o.e.m.c.i.embedder.EclipseLogger - Using platform encoding (Cp1252 actually) to copy filtered resources, i.e. build is platform dependent!
2022-02-10 10:37:51,325 [Worker-75: Building] INFO  o.e.m.c.i.embedder.EclipseLogger - skip non existing resourceDirectory C:\Users\willi\rd\universidade\7turma\projeto\projeto-rd\adm_panel\admPanel\src\main\resources
2022-02-10 10:37:51,326 [Worker-75: Building] WARN  o.e.m.c.i.embedder.EclipseLogger - Using platform encoding (Cp1252 actually) to copy filtered resources, i.e. build is platform dependent!
2022-02-10 10:37:51,327 [Worker-75: Building] INFO  o.e.m.c.i.embedder.EclipseLogger - skip non existing resourceDirectory C:\Users\willi\rd\universidade\7turma\projeto\projeto-rd\adm_panel\admPanel\src\test\resources
2022-02-10 11:08:50,063 [Worker-87: Building] WARN  o.e.m.c.i.embedder.EclipseLogger - Using platform encoding (Cp1252 actually) to copy filtered resources, i.e. build is platform dependent!
2022-02-10 11:08:50,064 [Worker-87: Building] INFO  o.e.m.c.i.embedder.EclipseLogger - skip non existing resourceDirectory C:\Users\willi\rd\universidade\7turma\projeto\projeto-rd\adm_panel\admPanel\src\main\resources
2022-02-10 11:08:50,065 [Worker-87: Building] WARN  o.e.m.c.i.embedder.EclipseLogger - Using platform encoding (Cp1252 actually) to copy filtered resources, i.e. build is platform dependent!
2022-02-10 11:08:50,066 [Worker-87: Building] INFO  o.e.m.c.i.embedder.EclipseLogger - skip non existing resourceDirectory C:\Users\willi\rd\universidade\7turma\projeto\projeto-rd\adm_panel\admPanel\src\test\resources
2022-02-10 11:09:55,517 [Worker-92: Building] WARN  o.e.m.c.i.embedder.EclipseLogger - Using platform encoding (Cp1252 actually) to copy filtered resources, i.e. build is platform dependent!
2022-02-10 11:09:55,518 [Worker-92: Building] INFO  o.e.m.c.i.embedder.EclipseLogger - skip non existing resourceDirectory C:\Users\willi\rd\universidade\7turma\projeto\projeto-rd\adm_panel\admPanel\src\main\resources
2022-02-10 11:09:55,518 [Worker-92: Building] WARN  o.e.m.c.i.embedder.EclipseLogger - Using platform encoding (Cp1252 actually) to copy filtered resources, i.e. build is platform dependent!
2022-02-10 11:09:55,519 [Worker-92: Building] INFO  o.e.m.c.i.embedder.EclipseLogger - skip non existing resourceDirectory C:\Users\willi\rd\universidade\7turma\projeto\projeto-rd\adm_panel\admPanel\src\test\resources
2022-02-10 11:26:34,660 [Worker-98: Building] WARN  o.e.m.c.i.embedder.EclipseLogger - Using platform encoding (Cp1252 actually) to copy filtered resources, i.e. build is platform dependent!
2022-02-10 11:26:34,661 [Worker-98: Building] INFO  o.e.m.c.i.embedder.EclipseLogger - skip non existing resourceDirectory C:\Users\willi\rd\universidade\7turma\projeto\projeto-rd\adm_panel\admPanel\src\main\resources
2022-02-10 11:26:34,662 [Worker-98: Building] WARN  o.e.m.c.i.embedder.EclipseLogger - Using platform encoding (Cp1252 actually) to copy filtered resources, i.e. build is platform dependent!
2022-02-10 11:26:34,662 [Worker-98: Building] INFO  o.e.m.c.i.embedder.EclipseLogger - skip non existing resourceDirectory C:\Users\willi\rd\universidade\7turma\projeto\projeto-rd\adm_panel\admPanel\src\test\resources
2022-02-10 11:33:31,936 [Worker-102: Building] WARN  o.e.m.c.i.embedder.EclipseLogger - Using platform encoding (Cp1252 actually) to copy filtered resources, i.e. build is platform dependent!
2022-02-10 11:33:31,937 [Worker-102: Building] INFO  o.e.m.c.i.embedder.EclipseLogger - skip non existing resourceDirectory C:\Users\willi\rd\universidade\7turma\projeto\projeto-rd\adm_panel\admPanel\src\main\resources
2022-02-10 11:33:31,937 [Worker-102: Building] WARN  o.e.m.c.i.embedder.EclipseLogger - Using platform encoding (Cp1252 actually) to copy filtered resources, i.e. build is platform dependent!
2022-02-10 11:33:31,938 [Worker-102: Building] INFO  o.e.m.c.i.embedder.EclipseLogger - skip non existing resourceDirectory C:\Users\willi\rd\universidade\7turma\projeto\projeto-rd\adm_panel\admPanel\src\test\resources
2022-02-10 11:36:24,589 [Worker-102: Building] WARN  o.e.m.c.i.embedder.EclipseLogger - Using platform encoding (Cp1252 actually) to copy filtered resources, i.e. build is platform dependent!
2022-02-10 11:36:24,590 [Worker-102: Building] INFO  o.e.m.c.i.embedder.EclipseLogger - skip non existing resourceDirectory C:\Users\willi\rd\universidade\7turma\projeto\projeto-rd\adm_panel\admPanel\src\main\resources
2022-02-10 11:36:24,592 [Worker-102: Building] WARN  o.e.m.c.i.embedder.EclipseLogger - Using platform encoding (Cp1252 actually) to copy filtered resources, i.e. build is platform dependent!
2022-02-10 11:36:24,592 [Worker-102: Building] INFO  o.e.m.c.i.embedder.EclipseLogger - skip non existing resourceDirectory C:\Users\willi\rd\universidade\7turma\projeto\projeto-rd\adm_panel\admPanel\src\test\resources
2022-02-10 11:39:34,213 [Worker-97: Building] WARN  o.e.m.c.i.embedder.EclipseLogger - Using platform encoding (Cp1252 actually) to copy filtered resources, i.e. build is platform dependent!
2022-02-10 11:39:34,214 [Worker-97: Building] INFO  o.e.m.c.i.embedder.EclipseLogger - skip non existing resourceDirectory C:\Users\willi\rd\universidade\7turma\projeto\projeto-rd\adm_panel\admPanel\src\main\resources
2022-02-10 11:39:34,215 [Worker-97: Building] WARN  o.e.m.c.i.embedder.EclipseLogger - Using platform encoding (Cp1252 actually) to copy filtered resources, i.e. build is platform dependent!
2022-02-10 11:39:34,215 [Worker-97: Building] INFO  o.e.m.c.i.embedder.EclipseLogger - skip non existing resourceDirectory C:\Users\willi\rd\universidade\7turma\projeto\projeto-rd\adm_panel\admPanel\src\test\resources
2022-02-10 13:20:44,030 [Worker-120: Building] WARN  o.e.m.c.i.embedder.EclipseLogger - Using platform encoding (Cp1252 actually) to copy filtered resources, i.e. build is platform dependent!
2022-02-10 13:20:44,032 [Worker-120: Building] INFO  o.e.m.c.i.embedder.EclipseLogger - skip non existing resourceDirectory C:\Users\willi\rd\universidade\7turma\projeto\projeto-rd\adm_panel\admPanel\src\main\resources
2022-02-10 13:20:44,033 [Worker-120: Building] WARN  o.e.m.c.i.embedder.EclipseLogger - Using platform encoding (Cp1252 actually) to copy filtered resources, i.e. build is platform dependent!
2022-02-10 13:20:44,033 [Worker-120: Building] INFO  o.e.m.c.i.embedder.EclipseLogger - skip non existing resourceDirectory C:\Users\willi\rd\universidade\7turma\projeto\projeto-rd\adm_panel\admPanel\src\test\resources
2022-02-10 13:21:55,183 [Worker-120: Building] WARN  o.e.m.c.i.embedder.EclipseLogger - Using platform encoding (Cp1252 actually) to copy filtered resources, i.e. build is platform dependent!
2022-02-10 13:21:55,185 [Worker-120: Building] INFO  o.e.m.c.i.embedder.EclipseLogger - skip non existing resourceDirectory C:\Users\willi\rd\universidade\7turma\projeto\projeto-rd\adm_panel\admPanel\src\main\resources
2022-02-10 13:21:55,186 [Worker-120: Building] WARN  o.e.m.c.i.embedder.EclipseLogger - Using platform encoding (Cp1252 actually) to copy filtered resources, i.e. build is platform dependent!
2022-02-10 13:21:55,186 [Worker-120: Building] INFO  o.e.m.c.i.embedder.EclipseLogger - skip non existing resourceDirectory C:\Users\willi\rd\universidade\7turma\projeto\projeto-rd\adm_panel\admPanel\src\test\resources
2022-02-10 13:24:47,577 [Worker-119: Building] WARN  o.e.m.c.i.embedder.EclipseLogger - Using platform encoding (Cp1252 actually) to copy filtered resources, i.e. build is platform dependent!
2022-02-10 13:24:47,578 [Worker-119: Building] INFO  o.e.m.c.i.embedder.EclipseLogger - skip non existing resourceDirectory C:\Users\willi\rd\universidade\7turma\projeto\projeto-rd\adm_panel\admPanel\src\main\resources
2022-02-10 13:24:47,578 [Worker-119: Building] WARN  o.e.m.c.i.embedder.EclipseLogger - Using platform encoding (Cp1252 actually) to copy filtered resources, i.e. build is platform dependent!
2022-02-10 13:24:47,579 [Worker-119: Building] INFO  o.e.m.c.i.embedder.EclipseLogger - skip non existing resourceDirectory C:\Users\willi\rd\universidade\7turma\projeto\projeto-rd\adm_panel\admPanel\src\test\resources
2022-02-10 13:26:22,354 [Worker-120: Building] WARN  o.e.m.c.i.embedder.EclipseLogger - Using platform encoding (Cp1252 actually) to copy filtered resources, i.e. build is platform dependent!
2022-02-10 13:26:22,355 [Worker-120: Building] INFO  o.e.m.c.i.embedder.EclipseLogger - skip non existing resourceDirectory C:\Users\willi\rd\universidade\7turma\projeto\projeto-rd\adm_panel\admPanel\src\main\resources
2022-02-10 13:26:22,355 [Worker-120: Building] WARN  o.e.m.c.i.embedder.EclipseLogger - Using platform encoding (Cp1252 actually) to copy filtered resources, i.e. build is platform dependent!
2022-02-10 13:26:22,356 [Worker-120: Building] INFO  o.e.m.c.i.embedder.EclipseLogger - skip non existing resourceDirectory C:\Users\willi\rd\universidade\7turma\projeto\projeto-rd\adm_panel\admPanel\src\test\resources
2022-02-10 13:28:51,031 [Worker-123: Building] WARN  o.e.m.c.i.embedder.EclipseLogger - Using platform encoding (Cp1252 actually) to copy filtered resources, i.e. build is platform dependent!
2022-02-10 13:28:51,032 [Worker-123: Building] INFO  o.e.m.c.i.embedder.EclipseLogger - skip non existing resourceDirectory C:\Users\willi\rd\universidade\7turma\projeto\projeto-rd\adm_panel\admPanel\src\main\resources
2022-02-10 13:28:51,033 [Worker-123: Building] WARN  o.e.m.c.i.embedder.EclipseLogger - Using platform encoding (Cp1252 actually) to copy filtered resources, i.e. build is platform dependent!
2022-02-10 13:28:51,033 [Worker-123: Building] INFO  o.e.m.c.i.embedder.EclipseLogger - skip non existing resourceDirectory C:\Users\willi\rd\universidade\7turma\projeto\projeto-rd\adm_panel\admPanel\src\test\resources
2022-02-10 13:56:45,927 [Worker-123: Building] WARN  o.e.m.c.i.embedder.EclipseLogger - Using platform encoding (Cp1252 actually) to copy filtered resources, i.e. build is platform dependent!
2022-02-10 13:56:45,927 [Worker-123: Building] INFO  o.e.m.c.i.embedder.EclipseLogger - skip non existing resourceDirectory C:\Users\willi\rd\universidade\7turma\projeto\projeto-rd\adm_panel\admPanel\src\main\resources
2022-02-10 13:56:45,928 [Worker-123: Building] WARN  o.e.m.c.i.embedder.EclipseLogger - Using platform encoding (Cp1252 actually) to copy filtered resources, i.e. build is platform dependent!
2022-02-10 13:56:45,928 [Worker-123: Building] INFO  o.e.m.c.i.embedder.EclipseLogger - skip non existing resourceDirectory C:\Users\willi\rd\universidade\7turma\projeto\projeto-rd\adm_panel\admPanel\src\test\resources
2022-02-10 14:21:22,300 [Worker-129: Building] WARN  o.e.m.c.i.embedder.EclipseLogger - Using platform encoding (Cp1252 actually) to copy filtered resources, i.e. build is platform dependent!
2022-02-10 14:21:22,301 [Worker-129: Building] INFO  o.e.m.c.i.embedder.EclipseLogger - skip non existing resourceDirectory C:\Users\willi\rd\universidade\7turma\projeto\projeto-rd\adm_panel\admPanel\src\main\resources
2022-02-10 14:21:22,302 [Worker-129: Building] WARN  o.e.m.c.i.embedder.EclipseLogger - Using platform encoding (Cp1252 actually) to copy filtered resources, i.e. build is platform dependent!
2022-02-10 14:21:22,302 [Worker-129: Building] INFO  o.e.m.c.i.embedder.EclipseLogger - skip non existing resourceDirectory C:\Users\willi\rd\universidade\7turma\projeto\projeto-rd\adm_panel\admPanel\src\test\resources
2022-02-10 14:57:37,729 [Worker-133: Building] WARN  o.e.m.c.i.embedder.EclipseLogger - Using platform encoding (Cp1252 actually) to copy filtered resources, i.e. build is platform dependent!
2022-02-10 14:57:37,731 [Worker-133: Building] INFO  o.e.m.c.i.embedder.EclipseLogger - skip non existing resourceDirectory C:\Users\willi\rd\universidade\7turma\projeto\projeto-rd\adm_panel\admPanel\src\main\resources
2022-02-10 14:57:37,731 [Worker-133: Building] WARN  o.e.m.c.i.embedder.EclipseLogger - Using platform encoding (Cp1252 actually) to copy filtered resources, i.e. build is platform dependent!
2022-02-10 14:57:37,732 [Worker-133: Building] INFO  o.e.m.c.i.embedder.EclipseLogger - skip non existing resourceDirectory C:\Users\willi\rd\universidade\7turma\projeto\projeto-rd\adm_panel\admPanel\src\test\resources
2022-02-10 14:58:08,034 [Worker-135: Building] WARN  o.e.m.c.i.embedder.EclipseLogger - Using platform encoding (Cp1252 actually) to copy filtered resources, i.e. build is platform dependent!
2022-02-10 14:58:08,035 [Worker-135: Building] INFO  o.e.m.c.i.embedder.EclipseLogger - skip non existing resourceDirectory C:\Users\willi\rd\universidade\7turma\projeto\projeto-rd\adm_panel\admPanel\src\main\resources
2022-02-10 14:58:08,036 [Worker-135: Building] WARN  o.e.m.c.i.embedder.EclipseLogger - Using platform encoding (Cp1252 actually) to copy filtered resources, i.e. build is platform dependent!
2022-02-10 14:58:08,036 [Worker-135: Building] INFO  o.e.m.c.i.embedder.EclipseLogger - skip non existing resourceDirectory C:\Users\willi\rd\universidade\7turma\projeto\projeto-rd\adm_panel\admPanel\src\test\resources
2022-02-10 15:44:45,659 [Worker-143: Building] WARN  o.e.m.c.i.embedder.EclipseLogger - Using platform encoding (Cp1252 actually) to copy filtered resources, i.e. build is platform dependent!
2022-02-10 15:44:45,661 [Worker-143: Building] INFO  o.e.m.c.i.embedder.EclipseLogger - skip non existing resourceDirectory C:\Users\willi\rd\universidade\7turma\projeto\projeto-rd\adm_panel\admPanel\src\main\resources
2022-02-10 15:44:45,662 [Worker-143: Building] WARN  o.e.m.c.i.embedder.EclipseLogger - Using platform encoding (Cp1252 actually) to copy filtered resources, i.e. build is platform dependent!
2022-02-10 15:44:45,663 [Worker-143: Building] INFO  o.e.m.c.i.embedder.EclipseLogger - skip non existing resourceDirectory C:\Users\willi\rd\universidade\7turma\projeto\projeto-rd\adm_panel\admPanel\src\test\resources
2022-02-10 16:18:05,940 [Worker-151: Building] WARN  o.e.m.c.i.embedder.EclipseLogger - Using platform encoding (Cp1252 actually) to copy filtered resources, i.e. build is platform dependent!
2022-02-10 16:18:05,941 [Worker-151: Building] INFO  o.e.m.c.i.embedder.EclipseLogger - skip non existing resourceDirectory C:\Users\willi\rd\universidade\7turma\projeto\projeto-rd\adm_panel\admPanel\src\main\resources
2022-02-10 16:18:05,942 [Worker-151: Building] WARN  o.e.m.c.i.embedder.EclipseLogger - Using platform encoding (Cp1252 actually) to copy filtered resources, i.e. build is platform dependent!
2022-02-10 16:18:05,943 [Worker-151: Building] INFO  o.e.m.c.i.embedder.EclipseLogger - skip non existing resourceDirectory C:\Users\willi\rd\universidade\7turma\projeto\projeto-rd\adm_panel\admPanel\src\test\resources
2022-02-10 16:45:10,830 [Worker-147: Building] WARN  o.e.m.c.i.embedder.EclipseLogger - Using platform encoding (Cp1252 actually) to copy filtered resources, i.e. build is platform dependent!
2022-02-10 16:45:10,831 [Worker-147: Building] INFO  o.e.m.c.i.embedder.EclipseLogger - skip non existing resourceDirectory C:\Users\willi\rd\universidade\7turma\projeto\projeto-rd\adm_panel\admPanel\src\main\resources
2022-02-10 16:45:10,831 [Worker-147: Building] WARN  o.e.m.c.i.embedder.EclipseLogger - Using platform encoding (Cp1252 actually) to copy filtered resources, i.e. build is platform dependent!
2022-02-10 16:45:10,831 [Worker-147: Building] INFO  o.e.m.c.i.embedder.EclipseLogger - skip non existing resourceDirectory C:\Users\willi\rd\universidade\7turma\projeto\projeto-rd\adm_panel\admPanel\src\test\resources
2022-02-10 16:52:36,143 [Worker-159: Building] WARN  o.e.m.c.i.embedder.EclipseLogger - Using platform encoding (Cp1252 actually) to copy filtered resources, i.e. build is platform dependent!
2022-02-10 16:52:36,144 [Worker-159: Building] INFO  o.e.m.c.i.embedder.EclipseLogger - skip non existing resourceDirectory C:\Users\willi\rd\universidade\7turma\projeto\projeto-rd\adm_panel\admPanel\src\main\resources
2022-02-10 16:52:36,145 [Worker-159: Building] WARN  o.e.m.c.i.embedder.EclipseLogger - Using platform encoding (Cp1252 actually) to copy filtered resources, i.e. build is platform dependent!
2022-02-10 16:52:36,146 [Worker-159: Building] INFO  o.e.m.c.i.embedder.EclipseLogger - skip non existing resourceDirectory C:\Users\willi\rd\universidade\7turma\projeto\projeto-rd\adm_panel\admPanel\src\test\resources
2022-02-10 16:54:20,098 [Worker-161: Building] WARN  o.e.m.c.i.embedder.EclipseLogger - Using platform encoding (Cp1252 actually) to copy filtered resources, i.e. build is platform dependent!
2022-02-10 16:54:20,099 [Worker-161: Building] INFO  o.e.m.c.i.embedder.EclipseLogger - skip non existing resourceDirectory C:\Users\willi\rd\universidade\7turma\projeto\projeto-rd\adm_panel\admPanel\src\main\resources
2022-02-10 16:54:20,099 [Worker-161: Building] WARN  o.e.m.c.i.embedder.EclipseLogger - Using platform encoding (Cp1252 actually) to copy filtered resources, i.e. build is platform dependent!
2022-02-10 16:54:20,100 [Worker-161: Building] INFO  o.e.m.c.i.embedder.EclipseLogger - skip non existing resourceDirectory C:\Users\willi\rd\universidade\7turma\projeto\projeto-rd\adm_panel\admPanel\src\test\resources
2022-02-10 16:56:27,755 [Worker-159: Building] WARN  o.e.m.c.i.embedder.EclipseLogger - Using platform encoding (Cp1252 actually) to copy filtered resources, i.e. build is platform dependent!
2022-02-10 16:56:27,756 [Worker-159: Building] INFO  o.e.m.c.i.embedder.EclipseLogger - skip non existing resourceDirectory C:\Users\willi\rd\universidade\7turma\projeto\projeto-rd\adm_panel\admPanel\src\main\resources
2022-02-10 16:56:27,757 [Worker-159: Building] WARN  o.e.m.c.i.embedder.EclipseLogger - Using platform encoding (Cp1252 actually) to copy filtered resources, i.e. build is platform dependent!
2022-02-10 16:56:27,757 [Worker-159: Building] INFO  o.e.m.c.i.embedder.EclipseLogger - skip non existing resourceDirectory C:\Users\willi\rd\universidade\7turma\projeto\projeto-rd\adm_panel\admPanel\src\test\resources
2022-02-10 16:57:09,184 [Worker-160: Building] WARN  o.e.m.c.i.embedder.EclipseLogger - Using platform encoding (Cp1252 actually) to copy filtered resources, i.e. build is platform dependent!
2022-02-10 16:57:09,185 [Worker-160: Building] INFO  o.e.m.c.i.embedder.EclipseLogger - skip non existing resourceDirectory C:\Users\willi\rd\universidade\7turma\projeto\projeto-rd\adm_panel\admPanel\src\main\resources
2022-02-10 16:57:09,186 [Worker-160: Building] WARN  o.e.m.c.i.embedder.EclipseLogger - Using platform encoding (Cp1252 actually) to copy filtered resources, i.e. build is platform dependent!
2022-02-10 16:57:09,186 [Worker-160: Building] INFO  o.e.m.c.i.embedder.EclipseLogger - skip non existing resourceDirectory C:\Users\willi\rd\universidade\7turma\projeto\projeto-rd\adm_panel\admPanel\src\test\resources
2022-02-10 17:12:01,114 [Worker-165: Building] WARN  o.e.m.c.i.embedder.EclipseLogger - Using platform encoding (Cp1252 actually) to copy filtered resources, i.e. build is platform dependent!
2022-02-10 17:12:01,115 [Worker-165: Building] INFO  o.e.m.c.i.embedder.EclipseLogger - skip non existing resourceDirectory C:\Users\willi\rd\universidade\7turma\projeto\projeto-rd\adm_panel\admPanel\src\main\resources
2022-02-10 17:12:01,116 [Worker-165: Building] WARN  o.e.m.c.i.embedder.EclipseLogger - Using platform encoding (Cp1252 actually) to copy filtered resources, i.e. build is platform dependent!
2022-02-10 17:12:01,116 [Worker-165: Building] INFO  o.e.m.c.i.embedder.EclipseLogger - skip non existing resourceDirectory C:\Users\willi\rd\universidade\7turma\projeto\projeto-rd\adm_panel\admPanel\src\test\resources
2022-02-10 17:40:41,117 [Worker-172: Building] WARN  o.e.m.c.i.embedder.EclipseLogger - Using platform encoding (Cp1252 actually) to copy filtered resources, i.e. build is platform dependent!
2022-02-10 17:40:41,118 [Worker-172: Building] INFO  o.e.m.c.i.embedder.EclipseLogger - skip non existing resourceDirectory C:\Users\willi\rd\universidade\7turma\projeto\projeto-rd\adm_panel\admPanel\src\main\resources
2022-02-10 17:40:41,119 [Worker-172: Building] WARN  o.e.m.c.i.embedder.EclipseLogger - Using platform encoding (Cp1252 actually) to copy filtered resources, i.e. build is platform dependent!
2022-02-10 17:40:41,120 [Worker-172: Building] INFO  o.e.m.c.i.embedder.EclipseLogger - skip non existing resourceDirectory C:\Users\willi\rd\universidade\7turma\projeto\projeto-rd\adm_panel\admPanel\src\test\resources
2022-02-10 17:43:51,558 [Worker-165: Building] WARN  o.e.m.c.i.embedder.EclipseLogger - Using platform encoding (Cp1252 actually) to copy filtered resources, i.e. build is platform dependent!
2022-02-10 17:43:51,559 [Worker-165: Building] INFO  o.e.m.c.i.embedder.EclipseLogger - skip non existing resourceDirectory C:\Users\willi\rd\universidade\7turma\projeto\projeto-rd\adm_panel\admPanel\src\main\resources
2022-02-10 17:43:51,559 [Worker-165: Building] WARN  o.e.m.c.i.embedder.EclipseLogger - Using platform encoding (Cp1252 actually) to copy filtered resources, i.e. build is platform dependent!
2022-02-10 17:43:51,560 [Worker-165: Building] INFO  o.e.m.c.i.embedder.EclipseLogger - skip non existing resourceDirectory C:\Users\willi\rd\universidade\7turma\projeto\projeto-rd\adm_panel\admPanel\src\test\resources
2022-02-10 17:44:38,206 [Worker-167: Building] WARN  o.e.m.c.i.embedder.EclipseLogger - Using platform encoding (Cp1252 actually) to copy filtered resources, i.e. build is platform dependent!
2022-02-10 17:44:38,207 [Worker-167: Building] INFO  o.e.m.c.i.embedder.EclipseLogger - skip non existing resourceDirectory C:\Users\willi\rd\universidade\7turma\projeto\projeto-rd\adm_panel\admPanel\src\main\resources
2022-02-10 17:44:38,208 [Worker-167: Building] WARN  o.e.m.c.i.embedder.EclipseLogger - Using platform encoding (Cp1252 actually) to copy filtered resources, i.e. build is platform dependent!
2022-02-10 17:44:38,208 [Worker-167: Building] INFO  o.e.m.c.i.embedder.EclipseLogger - skip non existing resourceDirectory C:\Users\willi\rd\universidade\7turma\projeto\projeto-rd\adm_panel\admPanel\src\test\resources
2022-02-10 17:52:39,956 [Worker-165: Building] WARN  o.e.m.c.i.embedder.EclipseLogger - Using platform encoding (Cp1252 actually) to copy filtered resources, i.e. build is platform dependent!
2022-02-10 17:52:39,957 [Worker-165: Building] INFO  o.e.m.c.i.embedder.EclipseLogger - skip non existing resourceDirectory C:\Users\willi\rd\universidade\7turma\projeto\projeto-rd\adm_panel\admPanel\src\main\resources
2022-02-10 17:52:39,958 [Worker-165: Building] WARN  o.e.m.c.i.embedder.EclipseLogger - Using platform encoding (Cp1252 actually) to copy filtered resources, i.e. build is platform dependent!
2022-02-10 17:52:39,958 [Worker-165: Building] INFO  o.e.m.c.i.embedder.EclipseLogger - skip non existing resourceDirectory C:\Users\willi\rd\universidade\7turma\projeto\projeto-rd\adm_panel\admPanel\src\test\resources
2022-02-10 18:06:28,692 [Worker-165: Building] WARN  o.e.m.c.i.embedder.EclipseLogger - Using platform encoding (Cp1252 actually) to copy filtered resources, i.e. build is platform dependent!
2022-02-10 18:06:28,693 [Worker-165: Building] INFO  o.e.m.c.i.embedder.EclipseLogger - skip non existing resourceDirectory C:\Users\willi\rd\universidade\7turma\projeto\projeto-rd\adm_panel\admPanel\src\main\resources
2022-02-10 18:06:28,694 [Worker-165: Building] WARN  o.e.m.c.i.embedder.EclipseLogger - Using platform encoding (Cp1252 actually) to copy filtered resources, i.e. build is platform dependent!
2022-02-10 18:06:28,695 [Worker-165: Building] INFO  o.e.m.c.i.embedder.EclipseLogger - skip non existing resourceDirectory C:\Users\willi\rd\universidade\7turma\projeto\projeto-rd\adm_panel\admPanel\src\test\resources
2022-02-10 18:17:50,040 [Worker-173: Building] WARN  o.e.m.c.i.embedder.EclipseLogger - Using platform encoding (Cp1252 actually) to copy filtered resources, i.e. build is platform dependent!
2022-02-10 18:17:50,041 [Worker-173: Building] INFO  o.e.m.c.i.embedder.EclipseLogger - skip non existing resourceDirectory C:\Users\willi\rd\universidade\7turma\projeto\projeto-rd\adm_panel\admPanel\src\main\resources
2022-02-10 18:17:50,041 [Worker-173: Building] WARN  o.e.m.c.i.embedder.EclipseLogger - Using platform encoding (Cp1252 actually) to copy filtered resources, i.e. build is platform dependent!
2022-02-10 18:17:50,042 [Worker-173: Building] INFO  o.e.m.c.i.embedder.EclipseLogger - skip non existing resourceDirectory C:\Users\willi\rd\universidade\7turma\projeto\projeto-rd\adm_panel\admPanel\src\test\resources
2022-02-10 18:21:34,392 [Worker-165: Building] WARN  o.e.m.c.i.embedder.EclipseLogger - Using platform encoding (Cp1252 actually) to copy filtered resources, i.e. build is platform dependent!
2022-02-10 18:21:34,393 [Worker-165: Building] INFO  o.e.m.c.i.embedder.EclipseLogger - skip non existing resourceDirectory C:\Users\willi\rd\universidade\7turma\projeto\projeto-rd\adm_panel\admPanel\src\main\resources
2022-02-10 18:21:34,393 [Worker-165: Building] WARN  o.e.m.c.i.embedder.EclipseLogger - Using platform encoding (Cp1252 actually) to copy filtered resources, i.e. build is platform dependent!
2022-02-10 18:21:34,394 [Worker-165: Building] INFO  o.e.m.c.i.embedder.EclipseLogger - skip non existing resourceDirectory C:\Users\willi\rd\universidade\7turma\projeto\projeto-rd\adm_panel\admPanel\src\test\resources
2022-02-10 18:33:53,138 [Worker-179: Building] INFO  o.e.m.c.i.l.LifecycleMappingFactory - Using org.maven.ide.eclipse.wtp.WarLifecycleMapping lifecycle mapping for MavenProject: br.com.rd.admPanel:admPanel:0.0.1-SNAPSHOT @ C:\Users\willi\rd\universidade\7turma\projeto\projeto-rd\adm_panel\admPanel\pom.xml.
2022-02-10 18:33:53,685 [Worker-179: Building] WARN  o.e.m.c.i.embedder.EclipseLogger - Using platform encoding (Cp1252 actually) to copy filtered resources, i.e. build is platform dependent!
2022-02-10 18:33:53,687 [Worker-179: Building] INFO  o.e.m.c.i.embedder.EclipseLogger - skip non existing resourceDirectory C:\Users\willi\rd\universidade\7turma\projeto\projeto-rd\adm_panel\admPanel\src\main\resources
2022-02-10 18:33:53,689 [Worker-179: Building] WARN  o.e.m.c.i.embedder.EclipseLogger - Using platform encoding (Cp1252 actually) to copy filtered resources, i.e. build is platform dependent!
2022-02-10 18:33:53,689 [Worker-179: Building] INFO  o.e.m.c.i.embedder.EclipseLogger - skip non existing resourceDirectory C:\Users\willi\rd\universidade\7turma\projeto\projeto-rd\adm_panel\admPanel\src\test\resources
2022-02-10 18:33:54,880 [Worker-184: Building] WARN  o.e.m.c.i.embedder.EclipseLogger - Using platform encoding (Cp1252 actually) to copy filtered resources, i.e. build is platform dependent!
2022-02-10 18:33:54,881 [Worker-184: Building] INFO  o.e.m.c.i.embedder.EclipseLogger - skip non existing resourceDirectory C:\Users\willi\rd\universidade\7turma\projeto\projeto-rd\adm_panel\admPanel\src\main\resources
2022-02-10 18:33:54,882 [Worker-184: Building] WARN  o.e.m.c.i.embedder.EclipseLogger - Using platform encoding (Cp1252 actually) to copy filtered resources, i.e. build is platform dependent!
2022-02-10 18:33:54,882 [Worker-184: Building] INFO  o.e.m.c.i.embedder.EclipseLogger - skip non existing resourceDirectory C:\Users\willi\rd\universidade\7turma\projeto\projeto-rd\adm_panel\admPanel\src\test\resources
2022-02-11 08:57:39,221 [Worker-6: Loading available Gradle versions] INFO  o.e.b.c.i.u.g.PublishedGradleVersions - Gradle version information cache is out-of-date. Trying to update.
2022-02-11 09:52:22,227 [Worker-6: Loading available Gradle versions] INFO  o.e.b.c.i.u.g.PublishedGradleVersions - Gradle version information cache is up-to-date. Trying to read.
2022-02-11 09:53:16,617 [Worker-1: Building] WARN  o.e.m.c.i.embedder.EclipseLogger - Using platform encoding (Cp1252 actually) to copy filtered resources, i.e. build is platform dependent!
2022-02-11 09:53:16,623 [Worker-1: Building] INFO  o.e.m.c.i.embedder.EclipseLogger - skip non existing resourceDirectory C:\Users\willi\rd\universidade\7turma\projeto\projeto-rd\adm_panel\admPanel\src\main\resources
2022-02-11 09:53:16,632 [Worker-1: Building] WARN  o.e.m.c.i.embedder.EclipseLogger - Using platform encoding (Cp1252 actually) to copy filtered resources, i.e. build is platform dependent!
2022-02-11 09:53:16,633 [Worker-1: Building] INFO  o.e.m.c.i.embedder.EclipseLogger - skip non existing resourceDirectory C:\Users\willi\rd\universidade\7turma\projeto\projeto-rd\adm_panel\admPanel\src\test\resources
2022-02-11 10:03:23,135 [Worker-15: Enabling Maven Dependency Management] INFO  o.e.m.c.i.l.LifecycleMappingFactory - Using org.maven.ide.eclipse.wtp.WarLifecycleMapping lifecycle mapping for MavenProject: br.com.rd.ipva:ipva:0.0.1-SNAPSHOT @ C:\Users\willi\rd\universidade\7turma\projeto\projeto-rd\adm_panel\ipva\pom.xml.
2022-02-11 10:03:23,407 [Worker-15: Enabling Maven Dependency Management] INFO  o.e.m.j.i.AbstractJavaProjectConfigurator - Adding source folder /ipva/src/main/java
2022-02-11 10:03:23,410 [Worker-15: Enabling Maven Dependency Management] INFO  o.e.m.j.i.AbstractJavaProjectConfigurator - Adding source folder /ipva/src/test/java
2022-02-11 10:03:23,701 [Worker-2: Building] WARN  o.e.m.c.i.embedder.EclipseLogger - Using platform encoding (Cp1252 actually) to copy filtered resources, i.e. build is platform dependent!
2022-02-11 10:03:23,703 [Worker-2: Building] INFO  o.e.m.c.i.embedder.EclipseLogger - skip non existing resourceDirectory C:\Users\willi\rd\universidade\7turma\projeto\projeto-rd\adm_panel\ipva\src\main\resources
2022-02-11 10:03:23,705 [Worker-2: Building] WARN  o.e.m.c.i.embedder.EclipseLogger - Using platform encoding (Cp1252 actually) to copy filtered resources, i.e. build is platform dependent!
2022-02-11 10:03:23,705 [Worker-2: Building] INFO  o.e.m.c.i.embedder.EclipseLogger - skip non existing resourceDirectory C:\Users\willi\rd\universidade\7turma\projeto\projeto-rd\adm_panel\ipva\src\test\resources
2022-02-11 10:03:23,733 [Worker-15: Enabling Maven Dependency Management] INFO  o.e.m.c.i.p.ProjectConfigurationManager - Update started
2022-02-11 10:03:24,079 [Worker-15: Enabling Maven Dependency Management] INFO  o.e.m.c.i.l.LifecycleMappingFactory - Using org.maven.ide.eclipse.wtp.WarLifecycleMapping lifecycle mapping for MavenProject: br.com.rd.ipva:ipva:0.0.1-SNAPSHOT @ C:\Users\willi\rd\universidade\7turma\projeto\projeto-rd\adm_panel\ipva\pom.xml.
2022-02-11 10:03:24,246 [Worker-15: Enabling Maven Dependency Management] INFO  o.e.m.j.i.AbstractJavaProjectConfigurator - Adding source folder /ipva/src/main/java
2022-02-11 10:03:24,247 [Worker-15: Enabling Maven Dependency Management] INFO  o.e.m.j.i.AbstractJavaProjectConfigurator - Adding source folder /ipva/src/test/java
2022-02-11 10:03:24,359 [Worker-15: Enabling Maven Dependency Management] INFO  o.e.m.w.i.f.ResourceFilteringBuildParticipant - Cleaning filtered folder for ipva
2022-02-11 10:03:24,372 [Worker-15: Enabling Maven Dependency Management] INFO  o.e.m.c.i.p.ProjectConfigurationManager - Update completed: 0 sec
2022-02-11 10:03:24,789 [Worker-42: Building] WARN  o.e.m.c.i.embedder.EclipseLogger - Using platform encoding (Cp1252 actually) to copy filtered resources, i.e. build is platform dependent!
2022-02-11 10:03:24,790 [Worker-42: Building] INFO  o.e.m.c.i.embedder.EclipseLogger - skip non existing resourceDirectory C:\Users\willi\rd\universidade\7turma\projeto\projeto-rd\adm_panel\ipva\src\main\resources
2022-02-11 10:03:24,791 [Worker-42: Building] WARN  o.e.m.c.i.embedder.EclipseLogger - Using platform encoding (Cp1252 actually) to copy filtered resources, i.e. build is platform dependent!
2022-02-11 10:03:24,792 [Worker-42: Building] INFO  o.e.m.c.i.embedder.EclipseLogger - skip non existing resourceDirectory C:\Users\willi\rd\universidade\7turma\projeto\projeto-rd\adm_panel\ipva\src\test\resources
2022-02-11 10:03:24,793 [Worker-42: Building] INFO  o.e.m.w.i.f.ResourceFilteringBuildParticipant - Changed resources require a complete clean of filtered resources of ipva
2022-02-11 10:03:24,793 [Worker-42: Building] INFO  o.e.m.w.i.f.ResourceFilteringBuildParticipant - Executing resource filtering for ipva
2022-02-11 10:03:24,813 [Worker-42: Building] WARN  o.e.m.c.i.embedder.EclipseLogger - Using platform encoding (Cp1252 actually) to copy filtered resources, i.e. build is platform dependent!
2022-02-13 15:54:22,931 [Worker-2: Loading available Gradle versions] INFO  o.e.b.c.i.u.g.PublishedGradleVersions - Gradle version information cache is up-to-date. Trying to read.
2022-02-13 15:54:25,105 [Worker-11: Building] WARN  o.e.m.c.i.embedder.EclipseLogger - Using platform encoding (Cp1252 actually) to copy filtered resources, i.e. build is platform dependent!
2022-02-13 15:54:25,107 [Worker-11: Building] INFO  o.e.m.c.i.embedder.EclipseLogger - skip non existing resourceDirectory C:\Users\willi\rd\universidade\7turma\projeto\projeto-rd\adm_panel\admPanel\src\main\resources
2022-02-13 15:54:25,111 [Worker-11: Building] WARN  o.e.m.c.i.embedder.EclipseLogger - Using platform encoding (Cp1252 actually) to copy filtered resources, i.e. build is platform dependent!
2022-02-13 15:54:25,112 [Worker-11: Building] INFO  o.e.m.c.i.embedder.EclipseLogger - skip non existing resourceDirectory C:\Users\willi\rd\universidade\7turma\projeto\projeto-rd\adm_panel\admPanel\src\test\resources
2022-02-13 16:08:23,038 [Worker-7: Loading available Gradle versions] INFO  o.e.b.c.i.u.g.PublishedGradleVersions - Gradle version information cache is up-to-date. Trying to read.
2022-02-13 16:08:25,130 [Worker-11: Building] WARN  o.e.m.c.i.embedder.EclipseLogger - Using platform encoding (Cp1252 actually) to copy filtered resources, i.e. build is platform dependent!
2022-02-13 16:08:25,132 [Worker-11: Building] INFO  o.e.m.c.i.embedder.EclipseLogger - skip non existing resourceDirectory C:\Users\willi\rd\universidade\7turma\projeto\projeto-rd\adm_panel\admPanel\src\main\resources
2022-02-13 16:08:25,134 [Worker-11: Building] WARN  o.e.m.c.i.embedder.EclipseLogger - Using platform encoding (Cp1252 actually) to copy filtered resources, i.e. build is platform dependent!
2022-02-13 16:08:25,135 [Worker-11: Building] INFO  o.e.m.c.i.embedder.EclipseLogger - skip non existing resourceDirectory C:\Users\willi\rd\universidade\7turma\projeto\projeto-rd\adm_panel\admPanel\src\test\resources
